  main.cpp
c:\users\e166236r\documents\git\tp6\tp6_\tp6_\cmatrix.h(8): error C2079: 'CMatrix<TData,3,3>::matrix' utilise une class de 'TData' non défini
  c:\users\e166236r\documents\git\tp6\tp6_\tp6_\main.cpp(6): note: voir la référence à l'instanciation de classe modèle 'CMatrix<TData,3,3>' en cours de compilation
c:\users\e166236r\documents\git\tp6\tp6_\tp6_\main.cpp(6): error C2679: '<<' binaire : aucun opérateur trouvé qui accepte un opérande de partie droite de type 'CMatrix<int,3,3>' (ou il n'existe pas de conversion acceptable)
  c:\program files (x86)\microsoft visual studio\2017\enterprise\vc\tools\msvc\14.14.26428\include\ostream(500): note: est peut-être 'std::basic_ostream<char,std::char_traits<char>> &std::basic_ostream<char,std::char_traits<char>>::operator <<(std::basic_streambuf<char,std::char_traits<char>> *)'
  c:\program files (x86)\microsoft visual studio\2017\enterprise\vc\tools\msvc\14.14.26428\include\ostream(480): note: ou       'std::basic_ostream<char,std::char_traits<char>> &std::basic_ostream<char,std::char_traits<char>>::operator <<(const void *)'
  c:\program files (x86)\microsoft visual studio\2017\enterprise\vc\tools\msvc\14.14.26428\include\ostream(460): note: ou       'std::basic_ostream<char,std::char_traits<char>> &std::basic_ostream<char,std::char_traits<char>>::operator <<(long double)'
  c:\program files (x86)\microsoft visual studio\2017\enterprise\vc\tools\msvc\14.14.26428\include\ostream(440): note: ou       'std::basic_ostream<char,std::char_traits<char>> &std::basic_ostream<char,std::char_traits<char>>::operator <<(double)'
  c:\program files (x86)\microsoft visual studio\2017\enterprise\vc\tools\msvc\14.14.26428\include\ostream(420): note: ou       'std::basic_ostream<char,std::char_traits<char>> &std::basic_ostream<char,std::char_traits<char>>::operator <<(float)'
  c:\program files (x86)\microsoft visual studio\2017\enterprise\vc\tools\msvc\14.14.26428\include\ostream(400): note: ou       'std::basic_ostream<char,std::char_traits<char>> &std::basic_ostream<char,std::char_traits<char>>::operator <<(unsigned __int64)'
  c:\program files (x86)\microsoft visual studio\2017\enterprise\vc\tools\msvc\14.14.26428\include\ostream(380): note: ou       'std::basic_ostream<char,std::char_traits<char>> &std::basic_ostream<char,std::char_traits<char>>::operator <<(__int64)'
  c:\program files (x86)\microsoft visual studio\2017\enterprise\vc\tools\msvc\14.14.26428\include\ostream(360): note: ou       'std::basic_ostream<char,std::char_traits<char>> &std::basic_ostream<char,std::char_traits<char>>::operator <<(unsigned long)'
  c:\program files (x86)\microsoft visual studio\2017\enterprise\vc\tools\msvc\14.14.26428\include\ostream(340): note: ou       'std::basic_ostream<char,std::char_traits<char>> &std::basic_ostream<char,std::char_traits<char>>::operator <<(long)'
  c:\program files (x86)\microsoft visual studio\2017\enterprise\vc\tools\msvc\14.14.26428\include\ostream(320): note: ou       'std::basic_ostream<char,std::char_traits<char>> &std::basic_ostream<char,std::char_traits<char>>::operator <<(unsigned int)'
  c:\program files (x86)\microsoft visual studio\2017\enterprise\vc\tools\msvc\14.14.26428\include\ostream(295): note: ou       'std::basic_ostream<char,std::char_traits<char>> &std::basic_ostream<char,std::char_traits<char>>::operator <<(int)'
  c:\program files (x86)\microsoft visual studio\2017\enterprise\vc\tools\msvc\14.14.26428\include\ostream(275): note: ou       'std::basic_ostream<char,std::char_traits<char>> &std::basic_ostream<char,std::char_traits<char>>::operator <<(unsigned short)'
  c:\program files (x86)\microsoft visual studio\2017\enterprise\vc\tools\msvc\14.14.26428\include\ostream(241): note: ou       'std::basic_ostream<char,std::char_traits<char>> &std::basic_ostream<char,std::char_traits<char>>::operator <<(short)'
  c:\program files (x86)\microsoft visual studio\2017\enterprise\vc\tools\msvc\14.14.26428\include\ostream(221): note: ou       'std::basic_ostream<char,std::char_traits<char>> &std::basic_ostream<char,std::char_traits<char>>::operator <<(bool)'
  c:\program files (x86)\microsoft visual studio\2017\enterprise\vc\tools\msvc\14.14.26428\include\ostream(215): note: ou       'std::basic_ostream<char,std::char_traits<char>> &std::basic_ostream<char,std::char_traits<char>>::operator <<(std::ios_base &(__cdecl *)(std::ios_base &))'
  c:\program files (x86)\microsoft visual studio\2017\enterprise\vc\tools\msvc\14.14.26428\include\ostream(209): note: ou       'std::basic_ostream<char,std::char_traits<char>> &std::basic_ostream<char,std::char_traits<char>>::operator <<(std::basic_ios<char,std::char_traits<char>> &(__cdecl *)(std::basic_ios<char,std::char_traits<char>> &))'
  c:\program files (x86)\microsoft visual studio\2017\enterprise\vc\tools\msvc\14.14.26428\include\ostream(204): note: ou       'std::basic_ostream<char,std::char_traits<char>> &std::basic_ostream<char,std::char_traits<char>>::operator <<(std::basic_ostream<char,std::char_traits<char>> &(__cdecl *)(std::basic_ostream<char,std::char_traits<char>> &))'
  c:\users\e166236r\documents\git\tp6\tp6_\tp6_\cmatrix.h(20): note: ou       'std::ostream &operator <<(std::ostream &,const CMatrix<TData,3,3> &)'
  c:\program files (x86)\microsoft visual studio\2017\enterprise\vc\tools\msvc\14.14.26428\include\ostream(694): note: ou       'std::basic_ostream<char,std::char_traits<char>> &std::operator <<<char,std::char_traits<char>>(std::basic_ostream<char,std::char_traits<char>> &,const char *)'
  c:\program files (x86)\microsoft visual studio\2017\enterprise\vc\tools\msvc\14.14.26428\include\ostream(741): note: ou       'std::basic_ostream<char,std::char_traits<char>> &std::operator <<<char,std::char_traits<char>>(std::basic_ostream<char,std::char_traits<char>> &,char)'
  c:\program files (x86)\microsoft visual studio\2017\enterprise\vc\tools\msvc\14.14.26428\include\ostream(779): note: ou       'std::basic_ostream<char,std::char_traits<char>> &std::operator <<<std::char_traits<char>>(std::basic_ostream<char,std::char_traits<char>> &,const char *)'
  c:\program files (x86)\microsoft visual studio\2017\enterprise\vc\tools\msvc\14.14.26428\include\ostream(826): note: ou       'std::basic_ostream<char,std::char_traits<char>> &std::operator <<<std::char_traits<char>>(std::basic_ostream<char,std::char_traits<char>> &,char)'
  c:\program files (x86)\microsoft visual studio\2017\enterprise\vc\tools\msvc\14.14.26428\include\ostream(952): note: ou       'std::basic_ostream<char,std::char_traits<char>> &std::operator <<<std::char_traits<char>>(std::basic_ostream<char,std::char_traits<char>> &,const signed char *)'
  c:\program files (x86)\microsoft visual studio\2017\enterprise\vc\tools\msvc\14.14.26428\include\ostream(959): note: ou       'std::basic_ostream<char,std::char_traits<char>> &std::operator <<<std::char_traits<char>>(std::basic_ostream<char,std::char_traits<char>> &,signed char)'
  c:\program files (x86)\microsoft visual studio\2017\enterprise\vc\tools\msvc\14.14.26428\include\ostream(966): note: ou       'std::basic_ostream<char,std::char_traits<char>> &std::operator <<<std::char_traits<char>>(std::basic_ostream<char,std::char_traits<char>> &,const unsigned char *)'
  c:\program files (x86)\microsoft visual studio\2017\enterprise\vc\tools\msvc\14.14.26428\include\ostream(973): note: ou       'std::basic_ostream<char,std::char_traits<char>> &std::operator <<<std::char_traits<char>>(std::basic_ostream<char,std::char_traits<char>> &,unsigned char)'
  c:\program files (x86)\microsoft visual studio\2017\enterprise\vc\tools\msvc\14.14.26428\include\ostream(983): note: ou       'std::basic_ostream<char,std::char_traits<char>> &std::operator <<<char,std::char_traits<char>,CMatrix<int,3,3>>(std::basic_ostream<char,std::char_traits<char>> &&,const _Ty &)'
          with
          [
              _Ty=CMatrix<int,3,3>
          ]
  c:\program files (x86)\microsoft visual studio\2017\enterprise\vc\tools\msvc\14.14.26428\include\ostream(1021): note: ou       'std::basic_ostream<char,std::char_traits<char>> &std::operator <<<char,std::char_traits<char>>(std::basic_ostream<char,std::char_traits<char>> &,const std::error_code &)'
  c:\users\e166236r\documents\git\tp6\tp6_\tp6_\main.cpp(6): note: lors de la tentative de mise en correspondance de la liste des arguments '(std::ostream, CMatrix<int,3,3>)'
